<?xml version="1.0" encoding="UTF-8"?>
<!-- Generated by org.testng.reporters.JUnitXMLReporter -->
<testsuite ignored="0" hostname="MSI" failures="1" tests="4" name="Test" time="12.34" errors="0" timestamp="2022-05-07T10:35:04 IST">
  <testcase classname="com.cybersuccess.OrangeHrmAutomationProject.AppTest" name="shouldAnswerWithTrue" time="0.023"/>
  <testcase classname="login.LoginTest" name="testLoadHomepage" time="11.869"/>
  <testcase classname="login.LoginTest" name="testLoginInsertCorrectUsernameAndPassword" time="10.682">
    <failure type="java.lang.NullPointerException">
      <![CDATA[java.lang.NullPointerException
at org.openqa.selenium.support.pagefactory.DefaultElementLocator.findElement(DefaultElementLocator.java:70)
at org.openqa.selenium.support.pagefactory.internal.LocatingElementHandler.invoke(LocatingElementHandler.java:39)
at com.sun.proxy.$Proxy10.sendKeys(Unknown Source)
at com.orangehrm.pages.LoginPage.login(LoginPage.java:41)
at login.LoginTest.testLoginInsertCorrectUsernameAndPassword(LoginTest.java:40)
at java.base/java.util.concurrent.ThreadPoolExecutor.runWorker(ThreadPoolExecutor.java:1128)
at java.base/java.util.concurrent.ThreadPoolExecutor$Worker.run(ThreadPoolExecutor.java:628)
at java.base/java.lang.Thread.run(Thread.java:834)
... Removed 12 stack frames]]>
    </failure>
  </testcase> <!-- testLoginInsertCorrectUsernameAndPassword -->
  <testcase classname="login.SmpleTestCases" name="testCase" time="12.256"/>
</testsuite> <!-- Test -->
