<?xml version="1.0" encoding="UTF-8"?>
<testng-results ignored="0" total="4" passed="3" failed="1" skipped="0">
  <reporter-output>
  </reporter-output>
  <suite started-at="2022-05-07T10:34:51 IST" name="Suite" finished-at="2022-05-07T10:35:03 IST" duration-ms="12340">
    <groups>
    </groups>
    <test started-at="2022-05-07T10:34:51 IST" name="Test" finished-at="2022-05-07T10:35:03 IST" duration-ms="12340">
      <class name="login.SmpleTestCases">
        <test-method signature="testCase()[pri:0, instance:login.SmpleTestCases@53fdffa1]" started-at="2022-05-07T10:34:51 IST" name="testCase" finished-at="2022-05-07T10:35:03 IST" duration-ms="12256" status="PASS">
          <reporter-output>
          </reporter-output>
        </test-method> <!-- testCase -->
      </class> <!-- login.SmpleTestCases -->
      <class name="com.cybersuccess.OrangeHrmAutomationProject.AppTest">
        <test-method is-config="true" signature="m1()[pri:0, instance:com.cybersuccess.OrangeHrmAutomationProject.AppTest@4efc180e]" started-at="2022-05-07T10:34:51 IST" name="m1" finished-at="2022-05-07T10:34:51 IST" duration-ms="15" status="PASS">
          <reporter-output>
          </reporter-output>
        </test-method> <!-- m1 -->
        <test-method signature="shouldAnswerWithTrue()[pri:0, instance:com.cybersuccess.OrangeHrmAutomationProject.AppTest@4efc180e]" started-at="2022-05-07T10:34:51 IST" name="shouldAnswerWithTrue" finished-at="2022-05-07T10:34:51 IST" duration-ms="23" status="PASS">
          <reporter-output>
          </reporter-output>
        </test-method> <!-- shouldAnswerWithTrue -->
      </class> <!-- com.cybersuccess.OrangeHrmAutomationProject.AppTest -->
      <class name="login.LoginTest">
        <test-method signature="testLoadHomepage()[pri:1, instance:login.LoginTest@5562c41e]" started-at="2022-05-07T10:34:51 IST" name="testLoadHomepage" finished-at="2022-05-07T10:35:03 IST" duration-ms="11869" status="PASS">
          <reporter-output>
          </reporter-output>
        </test-method> <!-- testLoadHomepage -->
        <test-method signature="testLoginInsertCorrectUsernameAndPassword()[pri:2, instance:login.LoginTest@5562c41e]" started-at="2022-05-07T10:34:51 IST" name="testLoginInsertCorrectUsernameAndPassword" finished-at="2022-05-07T10:35:01 IST" duration-ms="10682" status="FAIL">
          <exception class="java.lang.NullPointerException">
            <full-stacktrace>
              <![CDATA[java.lang.NullPointerException
at org.openqa.selenium.support.pagefactory.DefaultElementLocator.findElement(DefaultElementLocator.java:70)
at org.openqa.selenium.support.pagefactory.internal.LocatingElementHandler.invoke(LocatingElementHandler.java:39)
at com.sun.proxy.$Proxy10.sendKeys(Unknown Source)
at com.orangehrm.pages.LoginPage.login(LoginPage.java:41)
at login.LoginTest.testLoginInsertCorrectUsernameAndPassword(LoginTest.java:40)
at java.base/jdk.internal.reflect.NativeMethodAccessorImpl.invoke0(Native Method)
at java.base/jdk.internal.reflect.NativeMethodAccessorImpl.invoke(NativeMethodAccessorImpl.java:62)
at java.base/jdk.internal.reflect.DelegatingMethodAccessorImpl.invoke(DelegatingMethodAccessorImpl.java:43)
at java.base/java.lang.reflect.Method.invoke(Method.java:566)
at org.testng.internal.invokers.MethodInvocationHelper.invokeMethod(MethodInvocationHelper.java:135)
at org.testng.internal.invokers.TestInvoker.invokeMethod(TestInvoker.java:673)
at org.testng.internal.invokers.TestInvoker.invokeTestMethod(TestInvoker.java:220)
at org.testng.internal.invokers.MethodRunner.runInSequence(MethodRunner.java:50)
at org.testng.internal.invokers.TestInvoker$MethodInvocationAgent.invoke(TestInvoker.java:945)
at org.testng.internal.invokers.TestInvoker.invokeTestMethods(TestInvoker.java:193)
at org.testng.internal.invokers.TestMethodWorker.invokeTestMethods(TestMethodWorker.java:146)
at org.testng.internal.invokers.TestMethodWorker.run(TestMethodWorker.java:128)
at java.base/java.util.concurrent.ThreadPoolExecutor.runWorker(ThreadPoolExecutor.java:1128)
at java.base/java.util.concurrent.ThreadPoolExecutor$Worker.run(ThreadPoolExecutor.java:628)
at java.base/java.lang.Thread.run(Thread.java:834)
]]>
            </full-stacktrace>
          </exception> <!-- java.lang.NullPointerException -->
          <reporter-output>
          </reporter-output>
        </test-method> <!-- testLoginInsertCorrectUsernameAndPassword -->
        <test-method is-config="true" signature="closeDriver()[pri:0, instance:login.LoginTest@5562c41e]" started-at="2022-05-07T10:35:03 IST" name="closeDriver" finished-at="2022-05-07T10:35:03 IST" duration-ms="0" status="PASS">
          <reporter-output>
          </reporter-output>
        </test-method> <!-- closeDriver -->
      </class> <!-- login.LoginTest -->
    </test> <!-- Test -->
  </suite> <!-- Suite -->
</testng-results>
